2022-05-17 22:14:12.425 [INFO ] [main] Logs - clicked successfully
2022-05-17 22:14:16.916 [DEBUG] [main] Logs - clicked  successfully
2022-05-17 22:15:49.676 [INFO ] [main] Logs - successfully clicked on carriers
2022-05-17 22:15:52.897 [INFO ] [main] Logs - successfully clicked on apply
2022-05-17 22:15:56.482 [INFO ] [main] Logs - successfully clicked on apply
2022-05-17 22:17:09.974 [INFO ] [main] Logs - successfully clicked
2022-05-17 22:17:13.266 [INFO ] [main] Logs - successfully closed
2022-05-17 22:17:20.495 [INFO ] [main] Logs - successfully clicked
2022-05-17 22:17:20.597 [INFO ] [main] Logs - successfully got
2022-05-17 22:17:21.438 [INFO ] [main] Logs - successfully hovered
2022-05-17 22:17:23.590 [INFO ] [main] Logs - successfully checked
2022-05-17 22:17:25.658 [INFO ] [main] Logs - successfully got
2022-05-17 22:17:28.745 [INFO ] [main] Logs - successfully entered
2022-05-17 22:17:30.992 [INFO ] [main] Logs - successfully clicked
2022-05-17 22:18:40.035 [DEBUG] [main] Logs - clicked successfully
2022-05-17 22:18:43.142 [DEBUG] [main] Logs - text sended successfully
2022-05-17 22:18:53.856 [INFO ] [main] Logs - entered successfully
2022-05-17 22:18:57.159 [DEBUG] [main] Logs - popup closed successfully
2022-05-17 22:19:51.579 [INFO ] [main] Logs - hover successfully
2022-05-17 22:19:56.801 [INFO ] [main] Logs - clicked successfully
2022-05-17 22:20:00.094 [INFO ] [main] Logs - closed successfully
2022-05-17 22:20:00.636 [INFO ] [main] Logs - hovered successfully
2022-05-17 22:20:06.774 [INFO ] [main] Logs - addedd on cart successfully
2022-05-17 22:20:13.511 [INFO ] [main] Logs - added successfully
2022-05-17 22:20:17.891 [INFO ] [main] Logs - quantity selected successfully
2022-05-17 22:20:18.025 [INFO ] [main] Logs - text got successfully
2022-05-17 22:20:18.142 [INFO ] [main] Logs - checkout successfully
2022-05-17 22:20:25.967 [INFO ] [main] Logs - details added successfully
2022-05-17 22:21:40.514 [DEBUG] [main] Logs - clicked successfully
2022-05-17 22:21:40.624 [DEBUG] [main] Logs - verified text
2022-05-17 22:21:45.665 [DEBUG] [main] Logs - clicked on customer stories
2022-05-17 22:21:45.788 [DEBUG] [main] Logs - successfully got customer response
2022-05-17 22:23:37.599 [INFO ] [main] Logs - clicked successfully
2022-05-17 22:23:37.782 [INFO ] [main] Logs - hovered successfully
2022-05-17 22:23:38.523 [INFO ] [main] Logs - choosed successfully
2022-05-17 22:23:40.637 [INFO ] [main] Logs - clicked
2022-05-17 22:28:41.303 [DEBUG] [main] Logs - popup closed successfully
