2022-05-16 01:34:00.067 [INFO ] [main] Logs - hover successfully
2022-05-16 01:34:05.525 [INFO ] [main] Logs - clicked successfully
2022-05-16 01:34:08.926 [INFO ] [main] Logs - closed successfully
2022-05-16 01:34:09.491 [INFO ] [main] Logs - hovered successfully
2022-05-16 01:34:12.394 [INFO ] [main] Logs - addedd on cart successfully
2022-05-16 01:34:16.374 [INFO ] [main] Logs - added successfully
2022-05-16 01:34:20.542 [INFO ] [main] Logs - quantity selected successfully
2022-05-16 01:34:20.689 [INFO ] [main] Logs - text got successfully
2022-05-16 01:34:20.921 [INFO ] [main] Logs - checkout successfully
2022-05-16 01:34:25.807 [INFO ] [main] Logs - details added successfully
2022-05-16 01:34:47.116 [DEBUG] [main] Logs - clicked successfully
2022-05-16 01:34:50.319 [DEBUG] [main] Logs - text sended successfully
2022-05-16 01:34:55.062 [INFO ] [main] Logs - entered successfully
2022-05-16 01:34:58.261 [DEBUG] [main] Logs - popup closed successfully
2022-05-16 01:35:17.579 [DEBUG] [main] Logs - clicked successfully
2022-05-16 01:35:17.653 [DEBUG] [main] Logs - verified text
2022-05-16 01:35:17.955 [DEBUG] [main] Logs - clicked on customer stories
2022-05-16 01:35:46.584 [INFO ] [main] Logs - clicked successfully
2022-05-16 01:35:46.769 [INFO ] [main] Logs - hovered successfully
2022-05-16 01:35:47.206 [INFO ] [main] Logs - choosed successfully
