2022-05-18 09:00:39.077 [INFO ] [main] Logs - clicked successfully
2022-05-18 09:00:43.268 [DEBUG] [main] Logs - clicked  successfully
2022-05-18 09:01:30.015 [INFO ] [main] Logs - successfully clicked on carriers
2022-05-18 09:01:33.280 [INFO ] [main] Logs - successfully clicked on apply
2022-05-18 09:01:36.706 [INFO ] [main] Logs - successfully clicked on apply
2022-05-18 09:02:17.506 [INFO ] [main] Logs - successfully clicked
2022-05-18 09:03:16.131 [DEBUG] [main] Logs - clicked successfully
2022-05-18 09:03:19.377 [DEBUG] [main] Logs - text sended successfully
2022-05-18 09:03:26.227 [INFO ] [main] Logs - entered successfully
2022-05-18 09:03:29.450 [DEBUG] [main] Logs - popup closed successfully
2022-05-18 09:04:23.939 [INFO ] [main] Logs - hover successfully
2022-05-18 09:04:28.922 [INFO ] [main] Logs - clicked successfully
2022-05-18 09:04:31.817 [INFO ] [main] Logs - closed successfully
2022-05-18 09:04:32.446 [INFO ] [main] Logs - hovered successfully
2022-05-18 09:04:35.261 [INFO ] [main] Logs - addedd on cart successfully
2022-05-18 09:04:39.704 [INFO ] [main] Logs - added successfully
2022-05-18 09:04:44.402 [INFO ] [main] Logs - quantity selected successfully
2022-05-18 09:04:44.562 [INFO ] [main] Logs - text got successfully
2022-05-18 09:04:44.766 [INFO ] [main] Logs - checkout successfully
2022-05-18 09:05:29.356 [DEBUG] [main] Logs - clicked successfully
2022-05-18 09:05:29.461 [DEBUG] [main] Logs - verified text
2022-05-18 09:05:31.124 [DEBUG] [main] Logs - clicked on customer stories
2022-05-18 09:05:31.283 [DEBUG] [main] Logs - successfully got customer response
2022-05-18 09:06:02.730 [INFO ] [main] Logs - clicked successfully
2022-05-18 09:06:02.987 [INFO ] [main] Logs - hovered successfully
2022-05-18 09:06:03.546 [INFO ] [main] Logs - choosed successfully
2022-05-18 09:06:05.870 [INFO ] [main] Logs - clicked
2022-05-18 09:07:48.709 [DEBUG] [main] Logs - popup closed successfully
