2022-05-17 07:54:11.290 [DEBUG] [main] Logs - clicked successfully
2022-05-17 07:54:14.517 [DEBUG] [main] Logs - text sended successfully
2022-05-17 07:54:20.270 [INFO ] [main] Logs - entered successfully
2022-05-17 07:54:23.828 [DEBUG] [main] Logs - popup closed successfully
2022-05-17 07:54:44.635 [INFO ] [main] Logs - hover successfully
2022-05-17 07:54:50.839 [INFO ] [main] Logs - clicked successfully
2022-05-17 07:54:53.571 [INFO ] [main] Logs - closed successfully
2022-05-17 07:54:54.118 [INFO ] [main] Logs - hovered successfully
2022-05-17 07:54:57.246 [INFO ] [main] Logs - addedd on cart successfully
2022-05-17 07:55:01.686 [INFO ] [main] Logs - added successfully
2022-05-17 07:55:07.425 [INFO ] [main] Logs - quantity selected successfully
2022-05-17 07:55:07.667 [INFO ] [main] Logs - text got successfully
2022-05-17 07:55:07.851 [INFO ] [main] Logs - checkout successfully
2022-05-17 07:55:14.246 [INFO ] [main] Logs - details added successfully
2022-05-17 07:55:48.552 [DEBUG] [main] Logs - clicked successfully
2022-05-17 07:55:48.716 [DEBUG] [main] Logs - verified text
2022-05-17 07:55:50.388 [DEBUG] [main] Logs - clicked on customer stories
2022-05-17 07:55:50.438 [DEBUG] [main] Logs - successfully got customer response
2022-05-17 07:56:16.637 [INFO ] [main] Logs - clicked successfully
2022-05-17 07:56:16.827 [INFO ] [main] Logs - hovered successfully
2022-05-17 07:56:17.274 [INFO ] [main] Logs - choosed successfully
2022-05-17 07:56:19.451 [INFO ] [main] Logs - clicked
2022-05-17 07:58:10.745 [DEBUG] [main] Logs - popup closed successfully
2022-05-17 07:59:32.901 [INFO ] [main] Logs - clicked successfully
2022-05-17 07:59:37.204 [DEBUG] [main] Logs - clicked  successfully
