2022-05-19 02:12:02.011 [INFO ] [main] Logs - clicked successfully
2022-05-19 02:12:06.380 [DEBUG] [main] Logs - clicked  successfully
2022-05-19 02:12:22.939 [INFO ] [main] Logs - successfully clicked on carriers
2022-05-19 02:12:26.274 [INFO ] [main] Logs - successfully clicked on apply
2022-05-19 02:12:32.405 [INFO ] [main] Logs - successfully clicked on apply
2022-05-19 02:12:58.693 [INFO ] [main] Logs - successfully clicked
2022-05-19 02:13:02.092 [INFO ] [main] Logs - successfully closed
2022-05-19 02:13:04.750 [INFO ] [main] Logs - successfully clicked
2022-05-19 02:13:04.922 [INFO ] [main] Logs - successfully got
2022-05-19 02:13:05.238 [INFO ] [main] Logs - successfully hovered
2022-05-19 02:13:07.413 [INFO ] [main] Logs - successfully checked
2022-05-19 02:13:09.488 [INFO ] [main] Logs - successfully got
2022-05-19 02:13:12.823 [INFO ] [main] Logs - successfully entered
2022-05-19 02:13:15.233 [INFO ] [main] Logs - successfully clicked
2022-05-19 02:13:31.827 [DEBUG] [main] Logs - clicked successfully
2022-05-19 02:13:34.972 [DEBUG] [main] Logs - text sended successfully
2022-05-19 02:13:39.829 [INFO ] [main] Logs - entered successfully
2022-05-19 02:13:43.288 [DEBUG] [main] Logs - popup closed successfully
2022-05-19 02:13:56.867 [INFO ] [main] Logs - hover successfully
2022-05-19 02:14:02.521 [INFO ] [main] Logs - clicked successfully
2022-05-19 02:14:05.783 [INFO ] [main] Logs - closed successfully
2022-05-19 02:14:09.122 [INFO ] [main] Logs - hovered successfully
2022-05-19 02:14:18.078 [INFO ] [main] Logs - addedd on cart successfully
2022-05-19 02:14:24.610 [INFO ] [main] Logs - added successfully
2022-05-19 02:14:31.214 [INFO ] [main] Logs - quantity selected successfully
2022-05-19 02:14:34.344 [INFO ] [main] Logs - text got successfully
2022-05-19 02:14:37.756 [INFO ] [main] Logs - checkout successfully
2022-05-19 02:14:45.151 [INFO ] [main] Logs - details added successfully
2022-05-19 02:15:01.327 [DEBUG] [main] Logs - clicked successfully
2022-05-19 02:15:04.474 [DEBUG] [main] Logs - verified text
2022-05-19 02:15:27.433 [INFO ] [main] Logs - clicked successfully
2022-05-19 02:15:30.617 [INFO ] [main] Logs - hovered successfully
2022-05-19 02:15:33.941 [INFO ] [main] Logs - choosed successfully
2022-05-19 02:15:54.442 [INFO ] [main] Logs - clicked
2022-05-19 02:16:51.111 [DEBUG] [main] Logs - popup closed successfully
2022-05-19 02:16:51.438 [INFO ] [main] Logs - successfully hovered
