2022-05-18 12:44:52.818 [INFO ] [main] Logs - clicked successfully
2022-05-18 12:44:58.033 [DEBUG] [main] Logs - clicked  successfully
2022-05-18 12:45:22.817 [INFO ] [main] Logs - successfully clicked on carriers
2022-05-18 12:45:26.213 [INFO ] [main] Logs - successfully clicked on apply
2022-05-18 12:45:30.316 [INFO ] [main] Logs - successfully clicked on apply
2022-05-18 12:46:00.648 [INFO ] [main] Logs - successfully clicked
2022-05-18 12:46:04.011 [INFO ] [main] Logs - successfully closed
2022-05-18 12:46:12.990 [INFO ] [main] Logs - successfully clicked
2022-05-18 12:46:13.142 [INFO ] [main] Logs - successfully got
2022-05-18 12:46:13.534 [INFO ] [main] Logs - successfully hovered
2022-05-18 12:46:15.712 [INFO ] [main] Logs - successfully checked
2022-05-18 12:46:17.783 [INFO ] [main] Logs - successfully got
2022-05-18 12:46:20.159 [INFO ] [main] Logs - successfully entered
2022-05-18 12:46:22.523 [INFO ] [main] Logs - successfully clicked
2022-05-18 12:46:43.184 [DEBUG] [main] Logs - clicked successfully
2022-05-18 12:46:46.393 [DEBUG] [main] Logs - text sended successfully
2022-05-18 12:46:51.918 [INFO ] [main] Logs - entered successfully
2022-05-18 12:46:55.159 [DEBUG] [main] Logs - popup closed successfully
2022-05-18 12:47:23.458 [INFO ] [main] Logs - hover successfully
2022-05-18 12:47:29.620 [INFO ] [main] Logs - clicked successfully
2022-05-18 12:47:32.835 [INFO ] [main] Logs - closed successfully
2022-05-18 12:47:36.017 [INFO ] [main] Logs - hovered successfully
2022-05-18 12:47:42.978 [INFO ] [main] Logs - addedd on cart successfully
2022-05-18 12:47:50.647 [INFO ] [main] Logs - added successfully
2022-05-18 12:47:57.565 [INFO ] [main] Logs - quantity selected successfully
2022-05-18 12:48:00.739 [INFO ] [main] Logs - text got successfully
2022-05-18 12:48:03.930 [INFO ] [main] Logs - checkout successfully
2022-05-18 12:48:11.026 [INFO ] [main] Logs - details added successfully
2022-05-18 12:48:53.940 [DEBUG] [main] Logs - clicked successfully
2022-05-18 12:48:57.156 [DEBUG] [main] Logs - verified text
2022-05-18 12:49:02.970 [DEBUG] [main] Logs - clicked on customer stories
2022-05-18 12:49:06.032 [DEBUG] [main] Logs - successfully got customer response
2022-05-18 12:49:28.057 [INFO ] [main] Logs - clicked successfully
2022-05-18 12:49:31.325 [INFO ] [main] Logs - hovered successfully
2022-05-18 12:49:34.572 [INFO ] [main] Logs - choosed successfully
2022-05-18 12:49:54.999 [INFO ] [main] Logs - clicked
2022-05-18 12:53:06.016 [DEBUG] [main] Logs - popup closed successfully
2022-05-18 12:53:06.634 [INFO ] [main] Logs - successfully hovered
