2022-05-18 11:31:04.882 [INFO ] [main] Logs - clicked successfully
2022-05-18 11:31:09.837 [DEBUG] [main] Logs - clicked  successfully
2022-05-18 11:32:53.758 [INFO ] [main] Logs - successfully clicked on carriers
2022-05-18 11:32:57.215 [INFO ] [main] Logs - successfully clicked on apply
2022-05-18 11:33:01.390 [INFO ] [main] Logs - successfully clicked on apply
2022-05-18 11:34:45.812 [INFO ] [main] Logs - successfully clicked
2022-05-18 11:34:49.215 [INFO ] [main] Logs - successfully closed
2022-05-18 11:34:53.092 [INFO ] [main] Logs - successfully clicked
2022-05-18 11:34:53.344 [INFO ] [main] Logs - successfully got
2022-05-18 11:34:53.574 [INFO ] [main] Logs - successfully hovered
2022-05-18 11:34:55.899 [INFO ] [main] Logs - successfully checked
2022-05-18 11:34:58.012 [INFO ] [main] Logs - successfully got
2022-05-18 11:35:00.532 [INFO ] [main] Logs - successfully entered
2022-05-18 11:35:02.747 [INFO ] [main] Logs - successfully clicked
2022-05-18 11:36:07.355 [DEBUG] [main] Logs - clicked successfully
2022-05-18 11:36:10.638 [DEBUG] [main] Logs - text sended successfully
2022-05-18 11:37:11.010 [INFO ] [main] Logs - entered successfully
2022-05-18 11:37:14.380 [DEBUG] [main] Logs - popup closed successfully
2022-05-18 11:38:32.480 [INFO ] [main] Logs - hover successfully
2022-05-18 11:41:49.310 [INFO ] [main] Logs - clicked successfully
