2022-05-17 23:55:49.705 [INFO ] [main] Logs - clicked successfully
2022-05-17 23:55:54.038 [DEBUG] [main] Logs - clicked  successfully
2022-05-17 23:56:17.609 [INFO ] [main] Logs - successfully clicked on carriers
2022-05-17 23:56:20.894 [INFO ] [main] Logs - successfully clicked on apply
2022-05-17 23:56:27.000 [INFO ] [main] Logs - successfully clicked on apply
2022-05-17 23:56:49.629 [INFO ] [main] Logs - successfully clicked
2022-05-17 23:56:53.359 [INFO ] [main] Logs - successfully closed
2022-05-17 23:56:55.857 [INFO ] [main] Logs - successfully clicked
2022-05-17 23:56:56.033 [INFO ] [main] Logs - successfully got
2022-05-17 23:56:56.286 [INFO ] [main] Logs - successfully hovered
2022-05-17 23:56:58.638 [INFO ] [main] Logs - successfully checked
2022-05-17 23:57:00.761 [INFO ] [main] Logs - successfully got
2022-05-17 23:57:03.178 [INFO ] [main] Logs - successfully entered
2022-05-17 23:57:05.425 [INFO ] [main] Logs - successfully clicked
2022-05-17 23:57:26.995 [DEBUG] [main] Logs - clicked successfully
2022-05-17 23:57:30.134 [DEBUG] [main] Logs - text sended successfully
2022-05-17 23:57:35.509 [INFO ] [main] Logs - entered successfully
2022-05-17 23:57:38.817 [DEBUG] [main] Logs - popup closed successfully
2022-05-17 23:57:56.221 [INFO ] [main] Logs - hover successfully
2022-05-17 23:58:01.672 [INFO ] [main] Logs - clicked successfully
2022-05-17 23:58:04.898 [INFO ] [main] Logs - closed successfully
2022-05-17 23:58:05.817 [INFO ] [main] Logs - hovered successfully
2022-05-17 23:58:08.747 [INFO ] [main] Logs - addedd on cart successfully
2022-05-17 23:58:13.803 [INFO ] [main] Logs - added successfully
2022-05-17 23:58:18.395 [INFO ] [main] Logs - quantity selected successfully
2022-05-17 23:58:18.665 [INFO ] [main] Logs - text got successfully
2022-05-17 23:58:18.835 [INFO ] [main] Logs - checkout successfully
2022-05-17 23:58:23.637 [INFO ] [main] Logs - details added successfully
2022-05-17 23:58:38.659 [DEBUG] [main] Logs - clicked successfully
2022-05-17 23:58:38.889 [DEBUG] [main] Logs - verified text
2022-05-17 23:58:41.317 [DEBUG] [main] Logs - clicked on customer stories
2022-05-17 23:58:41.450 [DEBUG] [main] Logs - successfully got customer response
2022-05-17 23:59:06.520 [INFO ] [main] Logs - clicked successfully
2022-05-17 23:59:06.693 [INFO ] [main] Logs - hovered successfully
2022-05-17 23:59:07.444 [INFO ] [main] Logs - choosed successfully
2022-05-17 23:59:10.547 [INFO ] [main] Logs - clicked
2022-05-18 00:02:02.021 [DEBUG] [main] Logs - popup closed successfully
