2022-05-16 15:15:44.881 [DEBUG] [main] Logs - clicked successfully
2022-05-16 15:15:48.043 [DEBUG] [main] Logs - text sended successfully
2022-05-16 15:15:53.819 [INFO ] [main] Logs - entered successfully
2022-05-16 15:15:57.261 [DEBUG] [main] Logs - popup closed successfully
2022-05-16 15:17:01.077 [INFO ] [main] Logs - hover successfully
2022-05-16 15:17:07.567 [INFO ] [main] Logs - clicked successfully
2022-05-16 15:17:09.466 [INFO ] [main] Logs - closed successfully
2022-05-16 15:17:09.633 [INFO ] [main] Logs - hovered successfully
2022-05-16 15:17:14.282 [INFO ] [main] Logs - addedd on cart successfully
2022-05-16 15:17:18.536 [INFO ] [main] Logs - added successfully
2022-05-16 15:17:21.807 [INFO ] [main] Logs - quantity selected successfully
2022-05-16 15:17:21.980 [INFO ] [main] Logs - text got successfully
2022-05-16 15:17:22.169 [INFO ] [main] Logs - checkout successfully
2022-05-16 15:17:29.630 [INFO ] [main] Logs - details added successfully
2022-05-16 15:18:22.824 [DEBUG] [main] Logs - clicked successfully
2022-05-16 15:18:22.950 [DEBUG] [main] Logs - verified text
2022-05-16 15:18:23.248 [DEBUG] [main] Logs - clicked on customer stories
2022-05-16 15:19:44.968 [INFO ] [main] Logs - clicked successfully
2022-05-16 15:19:45.154 [INFO ] [main] Logs - hovered successfully
2022-05-16 15:19:45.727 [INFO ] [main] Logs - choosed successfully
2022-05-16 15:19:47.985 [INFO ] [main] Logs - clicked
