2022-05-18 09:13:15.241 [INFO ] [main] Logs - clicked successfully
2022-05-18 09:13:19.417 [DEBUG] [main] Logs - clicked  successfully
2022-05-18 09:13:49.841 [INFO ] [main] Logs - successfully clicked on carriers
2022-05-18 09:13:53.084 [INFO ] [main] Logs - successfully clicked on apply
2022-05-18 09:13:56.596 [INFO ] [main] Logs - successfully clicked on apply
2022-05-18 09:15:01.042 [INFO ] [main] Logs - successfully clicked
2022-05-18 09:15:04.295 [INFO ] [main] Logs - successfully closed
2022-05-18 09:15:11.937 [INFO ] [main] Logs - successfully clicked
2022-05-18 09:15:12.226 [INFO ] [main] Logs - successfully got
2022-05-18 09:15:12.464 [INFO ] [main] Logs - successfully hovered
2022-05-18 09:15:14.624 [INFO ] [main] Logs - successfully checked
2022-05-18 09:15:16.721 [INFO ] [main] Logs - successfully got
2022-05-18 09:15:19.292 [INFO ] [main] Logs - successfully entered
2022-05-18 09:15:23.900 [INFO ] [main] Logs - successfully clicked
2022-05-18 09:15:52.488 [DEBUG] [main] Logs - clicked successfully
2022-05-18 09:15:55.677 [DEBUG] [main] Logs - text sended successfully
2022-05-18 09:16:00.630 [INFO ] [main] Logs - entered successfully
2022-05-18 09:16:03.873 [DEBUG] [main] Logs - popup closed successfully
2022-05-18 09:16:41.312 [INFO ] [main] Logs - hover successfully
2022-05-18 09:16:49.365 [INFO ] [main] Logs - clicked successfully
2022-05-18 09:16:52.593 [INFO ] [main] Logs - closed successfully
2022-05-18 09:16:55.791 [INFO ] [main] Logs - hovered successfully
2022-05-18 09:17:01.419 [INFO ] [main] Logs - addedd on cart successfully
2022-05-18 09:17:09.206 [INFO ] [main] Logs - added successfully
2022-05-18 09:17:16.147 [INFO ] [main] Logs - quantity selected successfully
2022-05-18 09:17:19.245 [INFO ] [main] Logs - text got successfully
2022-05-18 09:17:22.712 [INFO ] [main] Logs - checkout successfully
2022-05-18 09:17:29.722 [INFO ] [main] Logs - details added successfully
2022-05-18 09:18:01.125 [DEBUG] [main] Logs - clicked successfully
2022-05-18 09:18:04.226 [DEBUG] [main] Logs - verified text
2022-05-18 09:18:09.627 [DEBUG] [main] Logs - clicked on customer stories
2022-05-18 09:18:12.690 [DEBUG] [main] Logs - successfully got customer response
2022-05-18 09:18:39.248 [INFO ] [main] Logs - clicked successfully
2022-05-18 09:18:42.485 [INFO ] [main] Logs - hovered successfully
2022-05-18 09:18:45.753 [INFO ] [main] Logs - choosed successfully
2022-05-18 09:19:05.767 [INFO ] [main] Logs - clicked
2022-05-18 09:20:54.682 [DEBUG] [main] Logs - popup closed successfully
