2022-05-19 01:53:10.062 [INFO ] [main] Logs - clicked successfully
2022-05-19 01:53:14.856 [DEBUG] [main] Logs - clicked  successfully
2022-05-19 01:53:46.093 [INFO ] [main] Logs - successfully clicked on carriers
2022-05-19 01:53:49.376 [INFO ] [main] Logs - successfully clicked on apply
2022-05-19 01:53:53.463 [INFO ] [main] Logs - successfully clicked on apply
2022-05-19 01:54:34.616 [INFO ] [main] Logs - successfully clicked
2022-05-19 01:54:39.904 [INFO ] [main] Logs - successfully closed
2022-05-19 01:54:51.827 [INFO ] [main] Logs - successfully clicked
2022-05-19 01:54:52.060 [INFO ] [main] Logs - successfully got
2022-05-19 01:54:52.986 [INFO ] [main] Logs - successfully hovered
2022-05-19 01:54:55.217 [INFO ] [main] Logs - successfully checked
2022-05-19 01:54:57.336 [INFO ] [main] Logs - successfully got
2022-05-19 01:55:14.020 [INFO ] [main] Logs - successfully entered
2022-05-19 01:55:16.672 [INFO ] [main] Logs - successfully clicked
2022-05-19 01:56:08.166 [DEBUG] [main] Logs - clicked successfully
2022-05-19 01:56:11.277 [DEBUG] [main] Logs - text sended successfully
2022-05-19 01:56:16.190 [INFO ] [main] Logs - entered successfully
2022-05-19 01:56:19.586 [DEBUG] [main] Logs - popup closed successfully
2022-05-19 01:56:32.078 [INFO ] [main] Logs - hover successfully
2022-05-19 01:56:38.128 [INFO ] [main] Logs - clicked successfully
2022-05-19 01:56:41.387 [INFO ] [main] Logs - closed successfully
2022-05-19 01:56:44.667 [INFO ] [main] Logs - hovered successfully
2022-05-19 01:56:50.805 [INFO ] [main] Logs - addedd on cart successfully
2022-05-19 01:57:00.096 [INFO ] [main] Logs - added successfully
2022-05-19 01:57:07.058 [INFO ] [main] Logs - quantity selected successfully
2022-05-19 01:57:10.200 [INFO ] [main] Logs - text got successfully
2022-05-19 01:57:13.502 [INFO ] [main] Logs - checkout successfully
2022-05-19 01:57:18.830 [INFO ] [main] Logs - details added successfully
2022-05-19 01:57:31.934 [DEBUG] [main] Logs - clicked successfully
2022-05-19 01:57:35.036 [DEBUG] [main] Logs - verified text
2022-05-19 01:57:39.974 [DEBUG] [main] Logs - clicked on customer stories
2022-05-19 01:57:43.037 [DEBUG] [main] Logs - successfully got customer response
2022-05-19 01:57:58.080 [INFO ] [main] Logs - clicked successfully
2022-05-19 01:58:01.311 [INFO ] [main] Logs - hovered successfully
2022-05-19 01:58:04.545 [INFO ] [main] Logs - choosed successfully
2022-05-19 01:58:24.857 [INFO ] [main] Logs - clicked
2022-05-19 01:59:49.584 [DEBUG] [main] Logs - popup closed successfully
2022-05-19 01:59:50.350 [INFO ] [main] Logs - successfully hovered
